01:13:30: Creating resource group General
01:13:30: Creating resource group Internal
01:13:30: Creating resource group Autodetect
01:13:30: SceneManagerFactory for type 'DefaultSceneManager' registered.
01:13:30: Registering ResourceManager for type Material
01:13:30: Registering ResourceManager for type Mesh
01:13:30: Registering ResourceManager for type Skeleton
01:13:30: MovableObjectFactory for type 'ParticleSystem' registered.
01:13:30: ArchiveFactory for archive type FileSystem registered.
01:13:30: ArchiveFactory for archive type Zip registered.
01:13:30: ArchiveFactory for archive type EmbeddedZip registered.
01:13:30: DDS codec registering
01:13:30: FreeImage version: 3.17.0
01:13:30: This program uses FreeImage, a free, open source image library supporting all common bitmap formats. See http://freeimage.sourceforge.net for details
01:13:30: Supported formats: bmp,ico,jpg,jif,jpeg,jpe,jng,koa,iff,lbm,mng,pbm,pbm,pcd,pcx,pgm,pgm,png,ppm,ppm,ras,tga,targa,tif,tiff,wap,wbmp,wbm,psd,cut,xbm,xpm,gif,hdr,g3,sgi,rgb,rgba,bw,exr,j2k,j2c,jp2,pfm,pct,pict,pic,3fr,arw,bay,bmq,cap,cine,cr2,crw,cs1,dc2,dcr,drf,dsc,dng,erf,fff,ia,iiq,k25,kc2,kdc,mdc,mef,mos,mrw,nef,nrw,orf,pef,ptx,pxn,qtk,raf,raw,rdc,rw2,rwl,rwz,sr2,srf,srw,sti,x3f,webp,jxr,wdp,hdp
01:13:30: Registering ResourceManager for type HighLevelGpuProgram
01:13:30: Registering ResourceManager for type Compositor
01:13:30: MovableObjectFactory for type 'Entity' registered.
01:13:30: MovableObjectFactory for type 'Light' registered.
01:13:30: MovableObjectFactory for type 'BillboardSet' registered.
01:13:30: MovableObjectFactory for type 'ManualObject' registered.
01:13:30: MovableObjectFactory for type 'BillboardChain' registered.
01:13:30: MovableObjectFactory for type 'RibbonTrail' registered.
01:13:30: Loading library /usr/local/lib/OGRE/RenderSystem_GL
01:13:30: Installing plugin: GL RenderSystem
01:13:30: OpenGL Rendering Subsystem created.
01:13:30: Plugin successfully installed
01:13:30: Loading library /usr/local/lib/OGRE/Plugin_ParticleFX
01:13:30: Installing plugin: ParticleFX
01:13:30: Particle Emitter Type 'Point' registered
01:13:30: Particle Emitter Type 'Box' registered
01:13:30: Particle Emitter Type 'Ellipsoid' registered
01:13:30: Particle Emitter Type 'Cylinder' registered
01:13:30: Particle Emitter Type 'Ring' registered
01:13:30: Particle Emitter Type 'HollowEllipsoid' registered
01:13:30: Particle Affector Type 'LinearForce' registered
01:13:30: Particle Affector Type 'ColourFader' registered
01:13:30: Particle Affector Type 'ColourFader2' registered
01:13:30: Particle Affector Type 'ColourImage' registered
01:13:30: Particle Affector Type 'ColourInterpolator' registered
01:13:30: Particle Affector Type 'Scaler' registered
01:13:30: Particle Affector Type 'Rotator' registered
01:13:30: Particle Affector Type 'DirectionRandomiser' registered
01:13:30: Particle Affector Type 'DeflectorPlane' registered
01:13:30: Plugin successfully installed
01:13:30: Loading library /usr/local/lib/OGRE/Plugin_BSPSceneManager
01:13:30: Installing plugin: BSP Scene Manager
01:13:30: Plugin successfully installed
01:13:30: Loading library /usr/local/lib/OGRE/Plugin_PCZSceneManager
01:13:30: Installing plugin: Portal Connected Zone Scene Manager
01:13:30: PCZone Factory Type 'ZoneType_Default' registered
01:13:30: Plugin successfully installed
01:13:30: Loading library /usr/local/lib/OGRE/Plugin_OctreeZone
01:13:30: Installing plugin: Octree Zone Factory
01:13:30: Plugin successfully installed
01:13:30: Loading library /usr/local/lib/OGRE/Plugin_OctreeSceneManager
01:13:30: Installing plugin: Octree Scene Manager
01:13:30: Plugin successfully installed
01:13:30: *-*-* OGRE Initialising
01:13:30: *-*-* Version 1.9.0 (Ghadamon)
01:13:30: Creating resource group Essential
01:13:30: Added resource location '/usr/local/share/OGRE/Media/packs/SdkTrays.zip' of type 'Zip' to resource group 'Essential'
01:13:30: Added resource location '/usr/local/share/OGRE/Media' of type 'FileSystem' to resource group 'General'
01:13:30: Added resource location '/usr/local/share/OGRE/Media/materials/scripts' of type 'FileSystem' to resource group 'General'
01:13:30: Added resource location '/usr/local/share/OGRE/Media/materials/textures' of type 'FileSystem' to resource group 'General'
01:13:30: Added resource location '/usr/local/share/OGRE/Media/materials/programs/GLSL' of type 'FileSystem' to resource group 'General'
01:13:30: Added resource location '/usr/local/share/OGRE/Media/models' of type 'FileSystem' to resource group 'General'
01:13:30: OGRE EXCEPTION(6:FileNotFoundException): 'ogre.cfg' file not found! in ConfigFile::load at /home/rkoyama/src/ogre/OgreMain/src/OgreConfigFile.cpp (line 82)
01:13:41: CPU Identifier & Features
01:13:41: -------------------------
01:13:41:  *   CPU ID: GenuineIntel: Intel(R) Core(TM) i7-9700K CPU @ 3.60GHz
01:13:41:  *      SSE: yes
01:13:41:  *     SSE2: yes
01:13:41:  *     SSE3: yes
01:13:41:  *      MMX: yes
01:13:41:  *   MMXEXT: yes
01:13:41:  *    3DNOW: no
01:13:41:  * 3DNOWEXT: no
01:13:41:  *     CMOV: yes
01:13:41:  *      TSC: yes
01:13:41:  *      FPU: yes
01:13:41:  *      PRO: yes
01:13:41:  *       HT: no
01:13:41: -------------------------
01:13:41: ******************************
*** Starting GLX Subsystem ***
******************************
01:13:41: Registering ResourceManager for type Texture
01:13:41: GLRenderSystem::_createRenderWindow "TutorialApplication Render Window", 3840x2160 windowed  miscParams: FSAA=0 displayFrequency=50 Hz gamma=No vsync=No 
01:13:41: GLXWindow::create used FBConfigID = 165
01:13:41: GL_VERSION = 4.6.0 NVIDIA 465.19.01
01:13:41: GL_VENDOR = NVIDIA Corporation
01:13:41: GL_RENDERER = NVIDIA GeForce RTX 2070 SUPER/PCIe/SSE2
01:13:41: GL_EXTENSIONS = GL_AMD_multi_draw_indirect GL_AMD_seamless_cubemap_per_texture GL_AMD_vertex_shader_viewport_index GL_AMD_vertex_shader_layer GL_ARB_arrays_of_arrays GL_ARB_base_instance GL_ARB_bindless_texture GL_ARB_blend_func_extended GL_ARB_buffer_storage GL_ARB_clear_buffer_object GL_ARB_clear_texture GL_ARB_clip_control GL_ARB_color_buffer_float GL_ARB_compatibility GL_ARB_compressed_texture_pixel_storage GL_ARB_conservative_depth GL_ARB_compute_shader GL_ARB_compute_variable_group_size GL_ARB_conditional_render_inverted GL_ARB_copy_buffer GL_ARB_copy_image GL_ARB_cull_distance GL_ARB_debug_output GL_ARB_depth_buffer_float GL_ARB_depth_clamp GL_ARB_depth_texture GL_ARB_derivative_control GL_ARB_direct_state_access GL_ARB_draw_buffers GL_ARB_draw_buffers_blend GL_ARB_draw_indirect GL_ARB_draw_elements_base_vertex GL_ARB_draw_instanced GL_ARB_enhanced_layouts GL_ARB_ES2_compatibility GL_ARB_ES3_compatibility GL_ARB_ES3_1_compatibility GL_ARB_ES3_2_compatibility GL_ARB_explicit_attrib_location GL_ARB_explicit_uniform_location GL_ARB_fragment_coord_conventions GL_ARB_fragment_layer_viewport GL_ARB_fragment_program GL_ARB_fragment_program_shadow GL_ARB_fragment_shader GL_ARB_fragment_shader_interlock GL_ARB_framebuffer_no_attachments GL_ARB_framebuffer_object GL_ARB_framebuffer_sRGB GL_ARB_geometry_shader4 GL_ARB_get_program_binary GL_ARB_get_texture_sub_image GL_ARB_gl_spirv GL_ARB_gpu_shader5 GL_ARB_gpu_shader_fp64 GL_ARB_gpu_shader_int64 GL_ARB_half_float_pixel GL_ARB_half_float_vertex GL_ARB_imaging GL_ARB_indirect_parameters GL_ARB_instanced_arrays GL_ARB_internalformat_query GL_ARB_internalformat_query2 GL_ARB_invalidate_subdata GL_ARB_map_buffer_alignment GL_ARB_map_buffer_range GL_ARB_multi_bind GL_ARB_multi_draw_indirect GL_ARB_multisample GL_ARB_multitexture GL_ARB_occlusion_query GL_ARB_occlusion_query2 GL_ARB_parallel_shader_compile GL_ARB_pipeline_statistics_query GL_ARB_pixel_buffer_object GL_ARB_point_parameters GL_ARB_point_sprite GL_ARB_polygon_offset_clamp GL_ARB_post_depth_coverage GL_ARB_program_interface_query GL_ARB_provoking_vertex GL_ARB_query_buffer_object GL_ARB_robust_buffer_access_behavior GL_ARB_robustness GL_ARB_sample_locations GL_ARB_sample_shading GL_ARB_sampler_objects GL_ARB_seamless_cube_map GL_ARB_seamless_cubemap_per_texture GL_ARB_separate_shader_objects GL_ARB_shader_atomic_counter_ops GL_ARB_shader_atomic_counters GL_ARB_shader_ballot GL_ARB_shader_bit_encoding GL_ARB_shader_clock GL_ARB_shader_draw_parameters GL_ARB_shader_group_vote GL_ARB_shader_image_load_store GL_ARB_shader_image_size GL_ARB_shader_objects GL_ARB_shader_precision GL_ARB_shader_storage_buffer_object GL_ARB_shader_subroutine GL_ARB_shader_texture_image_samples GL_ARB_shader_texture_lod GL_ARB_shading_language_100 GL_ARB_shader_viewport_layer_array GL_ARB_shading_language_420pack GL_ARB_shading_language_include GL_ARB_shading_language_packing GL_ARB_shadow GL_ARB_sparse_buffer GL_ARB_sparse_texture GL_ARB_sparse_texture2 GL_ARB_sparse_texture_clamp GL_ARB_spirv_extensions GL_ARB_stencil_texturing GL_ARB_sync GL_ARB_tessellation_shader GL_ARB_texture_barrier GL_ARB_texture_border_clamp GL_ARB_texture_buffer_object GL_ARB_texture_buffer_object_rgb32 GL_ARB_texture_buffer_range GL_ARB_texture_compression GL_ARB_texture_compression_bptc GL_ARB_texture_compression_rgtc GL_ARB_texture_cube_map GL_ARB_texture_cube_map_array GL_ARB_texture_env_add GL_ARB_texture_env_combine GL_ARB_texture_env_crossbar GL_ARB_texture_env_dot3 GL_ARB_texture_filter_anisotropic GL_ARB_texture_filter_minmax GL_ARB_texture_float GL_ARB_texture_gather GL_ARB_texture_mirror_clamp_to_edge GL_ARB_texture_mirrored_repeat GL_ARB_texture_multisample GL_ARB_texture_non_power_of_two GL_ARB_texture_query_levels GL_ARB_texture_query_lod GL_ARB_texture_rectangle GL_ARB_texture_rg GL_ARB_texture_rgb10_a2ui GL_ARB_texture_stencil8 GL_ARB_texture_storage GL_ARB_texture_storage_multisample GL_ARB_texture_swizzle GL_ARB_texture_view GL_ARB_timer_query GL_ARB_transform_feedback2 GL_ARB_transform_feedback3 GL_ARB_transform_feedback_instanced GL_ARB_transform_feedback_overflow_query GL_ARB_transpose_matrix GL_ARB_uniform_buffer_object GL_ARB_vertex_array_bgra GL_ARB_vertex_array_object GL_ARB_vertex_attrib_64bit GL_ARB_vertex_attrib_binding GL_ARB_vertex_buffer_object GL_ARB_vertex_program GL_ARB_vertex_shader GL_ARB_vertex_type_10f_11f_11f_rev GL_ARB_vertex_type_2_10_10_10_rev GL_ARB_viewport_array GL_ARB_window_pos GL_ATI_draw_buffers GL_ATI_texture_float GL_ATI_texture_mirror_once GL_S3_s3tc GL_EXT_texture_env_add GL_EXT_abgr GL_EXT_bgra GL_EXT_bindable_uniform GL_EXT_blend_color GL_EXT_blend_equation_separate GL_EXT_blend_func_separate GL_EXT_blend_minmax GL_EXT_blend_subtract GL_EXT_compiled_vertex_array GL_EXT_Cg_shader GL_EXT_depth_bounds_test GL_EXT_direct_state_access GL_EXT_draw_buffers2 GL_EXT_draw_instanced GL_EXT_draw_range_elements GL_EXT_fog_coord GL_EXT_framebuffer_blit GL_EXT_framebuffer_multisample GL_EXTX_framebuffer_mixed_formats GL_EXT_framebuffer_multisample_blit_scaled GL_EXT_framebuffer_object GL_EXT_framebuffer_sRGB GL_EXT_geometry_shader4 GL_EXT_gpu_program_parameters GL_EXT_gpu_shader4 GL_EXT_multi_draw_arrays GL_EXT_multiview_texture_multisample GL_EXT_multiview_timer_query GL_EXT_packed_depth_stencil GL_EXT_packed_float GL_EXT_packed_pixels GL_EXT_pixel_buffer_object GL_EXT_point_parameters GL_EXT_polygon_offset_clamp GL_EXT_post_depth_coverage GL_EXT_provoking_vertex GL_EXT_raster_multisample GL_EXT_rescale_normal GL_EXT_secondary_color GL_EXT_separate_shader_objects GL_EXT_separate_specular_color GL_EXT_shader_image_load_formatted GL_EXT_shader_image_load_store GL_EXT_shader_integer_mix GL_EXT_shadow_funcs GL_EXT_sparse_texture2 GL_EXT_stencil_two_side GL_EXT_stencil_wrap GL_EXT_texture3D GL_EXT_texture_array GL_EXT_texture_buffer_object GL_EXT_texture_compression_dxt1 GL_EXT_texture_compression_latc GL_EXT_texture_compression_rgtc GL_EXT_texture_compression_s3tc GL_EXT_texture_cube_map GL_EXT_texture_edge_clamp GL_EXT_texture_env_combine GL_EXT_texture_env_dot3 GL_EXT_texture_filter_anisotropic GL_EXT_texture_filter_minmax GL_EXT_texture_integer GL_EXT_texture_lod GL_EXT_texture_lod_bias GL_EXT_texture_mirror_clamp GL_EXT_texture_object GL_EXT_texture_shadow_lod GL_EXT_texture_shared_exponent GL_EXT_texture_sRGB GL_EXT_texture_sRGB_R8 GL_EXT_texture_sRGB_decode GL_EXT_texture_storage GL_EXT_texture_swizzle GL_EXT_timer_query GL_EXT_transform_feedback2 GL_EXT_vertex_array GL_EXT_vertex_array_bgra GL_EXT_vertex_attrib_64bit GL_EXT_window_rectangles GL_EXT_x11_sync_object GL_EXT_import_sync_object GL_NV_robustness_video_memory_purge GL_IBM_rasterpos_clip GL_IBM_texture_mirrored_repeat GL_KHR_context_flush_control GL_KHR_debug GL_EXT_memory_object GL_EXT_memory_object_fd GL_NV_memory_object_sparse GL_KHR_parallel_shader_compile GL_KHR_no_error GL_KHR_robust_buffer_access_behavior GL_KHR_robustness GL_EXT_semaphore GL_EXT_semaphore_fd GL_NV_timeline_semaphore GL_KHR_shader_subgroup GL_KTX_buffer_region GL_NV_alpha_to_coverage_dither_control GL_NV_bindless_multi_draw_indirect GL_NV_bindless_multi_draw_indirect_count GL_NV_bindless_texture GL_NV_blend_equation_advanced GL_NV_blend_equation_advanced_coherent GL_NVX_blend_equation_advanced_multi_draw_buffers GL_NV_blend_minmax_factor GL_NV_blend_square GL_NV_clip_space_w_scaling GL_NV_command_list GL_NV_compute_program5 GL_NV_compute_shader_derivatives GL_NV_conditional_render GL_NV_conservative_raster GL_NV_conservative_raster_dilate GL_NV_conservative_raster_pre_snap GL_NV_conservative_raster_pre_snap_triangles GL_NV_conservative_raster_underestimation GL_NV_copy_depth_to_color GL_NV_copy_image GL_NV_depth_buffer_float GL_NV_depth_clamp GL_NV_draw_texture GL_NV_draw_vulkan_image GL_NV_ES1_1_compatibility GL_NV_ES3_1_compatibility GL_NV_explicit_multisample GL_NV_feature_query GL_NV_fence GL_NV_fill_rectangle GL_NV_float_buffer GL_NV_fog_distance GL_NV_fragment_coverage_to_color GL_NV_fragment_program GL_NV_fragment_program_option GL_NV_fragment_program2 GL_NV_fragment_shader_barycentric GL_NV_fragment_shader_interlock GL_NV_framebuffer_mixed_samples GL_NV_framebuffer_multisample_coverage GL_NV_geometry_shader4 GL_NV_geometry_shader_passthrough GL_NV_gpu_program4 GL_NV_internalformat_sample_query GL_NV_gpu_program4_1 GL_NV_gpu_program5 GL_NV_gpu_program5_mem_extended GL_NV_gpu_program_fp64 GL_NV_gpu_shader5 GL_NV_half_float GL_NV_light_max_exponent GL_NV_memory_attachment GL_NV_mesh_shader GL_NV_multisample_coverage GL_NV_multisample_filter_hint GL_NV_occlusion_query GL_NV_packed_depth_stencil GL_NV_parameter_buffer_object GL_NV_parameter_buffer_object2 GL_NV_path_rendering GL_NV_path_rendering_shared_edge GL_NV_pixel_data_range GL_NV_point_sprite GL_NV_primitive_restart GL_NV_query_resource GL_NV_query_resource_tag GL_NV_register_combiners GL_NV_register_combiners2 GL_NV_representative_fragment_test GL_NV_sample_locations GL_NV_sample_mask_override_coverage GL_NV_scissor_exclusive GL_NV_shader_atomic_counters GL_NV_shader_atomic_float GL_NV_shader_atomic_float64 GL_NV_shader_atomic_fp16_vector GL_NV_shader_atomic_int64 GL_NV_shader_buffer_load GL_NV_shader_storage_buffer_object GL_NV_shader_subgroup_partitioned GL_NV_shader_texture_footprint GL_NV_shading_rate_image GL_NV_stereo_view_rendering GL_NV_texgen_reflection GL_NV_texture_barrier GL_NV_texture_compression_vtc GL_NV_texture_env_combine4 GL_NV_texture_multisample GL_NV_texture_rectangle GL_NV_texture_rectangle_compressed GL_NV_texture_shader GL_NV_texture_shader2 GL_NV_texture_shader3 GL_NV_transform_feedback GL_NV_transform_feedback2 GL_NV_uniform_buffer_unified_memory GL_NV_vdpau_interop GL_NV_vdpau_interop2 GL_NV_vertex_array_range GL_NV_vertex_array_range2 GL_NV_vertex_attrib_integer_64bit GL_NV_vertex_buffer_unified_memory GL_NV_vertex_program GL_NV_vertex_program1_1 GL_NV_vertex_program2 GL_NV_vertex_program2_option GL_NV_vertex_program3 GL_NV_viewport_array2 GL_NV_viewport_swizzle GL_NVX_conditional_render GL_NV_gpu_multicast GL_NVX_progress_fence GL_NVX_gpu_memory_info GL_NVX_nvenc_interop GL_NV_shader_thread_group GL_NV_shader_thread_shuffle GL_KHR_blend_equation_advanced GL_KHR_blend_equation_advanced_coherent GL_OVR_multiview GL_OVR_multiview2 GL_SGIS_generate_mipmap GL_SGIS_texture_lod GL_SGIX_depth_texture GL_SGIX_shadow GL_SUN_slice_accum 
01:13:41: Supported GLX extensions: GLX_EXT_visual_info GLX_EXT_visual_rating GLX_EXT_import_context GLX_SGIX_fbconfig GLX_SGIX_pbuffer GLX_SGI_video_sync GLX_SGI_swap_control GLX_EXT_swap_control GLX_EXT_swap_control_tear GLX_EXT_texture_from_pixmap GLX_EXT_buffer_age GLX_ARB_create_context GLX_ARB_create_context_profile GLX_EXT_create_context_es_profile GLX_EXT_create_context_es2_profile GLX_ARB_create_context_no_error GLX_ARB_create_context_robustness GLX_NV_delay_before_swap GLX_EXT_stereo_tree GLX_ARB_context_flush_control GLX_NV_robustness_video_memory_purge GLX_NV_multigpu_context GLX_ARB_multisample GLX_NV_float_buffer GLX_ARB_fbconfig_float GLX_EXT_framebuffer_sRGB GLX_NV_copy_image GLX_ARB_get_proc_address 
01:13:41: ***************************
01:13:41: *** GL Renderer Started ***
01:13:41: ***************************
01:13:41: Registering ResourceManager for type GpuProgram
01:13:41: GLSL support detected
01:13:41: GL: Using GL_EXT_framebuffer_object for rendering to textures (best)
01:13:41: FBO PF_UNKNOWN depth/stencil support: D0S8 D16S0 D24S0 D32S0 Packed-D24S8 
01:13:41: FBO PF_L8 depth/stencil support: D0S0 D0S8 D16S0 D24S0 D32S0 Packed-D24S8 
01:13:41: FBO PF_A8 depth/stencil support: D0S0 D0S8 D16S0 D24S0 D32S0 Packed-D24S8 
01:13:41: FBO PF_A4L4 depth/stencil support: D0S0 D0S8 D16S0 D24S0 D32S0 Packed-D24S8 
01:13:41: FBO PF_BYTE_LA depth/stencil support: D0S0 D0S8 D16S0 D24S0 D32S0 Packed-D24S8 
01:13:41: FBO PF_R5G6B5 depth/stencil support: D0S0 D0S8 D16S0 D24S0 D32S0 Packed-D24S8 
01:13:41: FBO PF_B5G6R5 depth/stencil support: D0S0 D0S8 D16S0 D24S0 D32S0 Packed-D24S8 
01:13:41: FBO PF_A4R4G4B4 depth/stencil support: D0S0 D0S8 D16S0 D24S0 D32S0 Packed-D24S8 
01:13:41: FBO PF_A1R5G5B5 depth/stencil support: D0S0 D0S8 D16S0 D24S0 D32S0 Packed-D24S8 
01:13:41: FBO PF_R8G8B8 depth/stencil support: D0S0 D0S8 D16S0 D24S0 D32S0 Packed-D24S8 
01:13:41: FBO PF_B8G8R8 depth/stencil support: D0S0 D0S8 D16S0 D24S0 D32S0 Packed-D24S8 
01:13:41: FBO PF_A8R8G8B8 depth/stencil support: D0S0 D0S8 D16S0 D24S0 D32S0 Packed-D24S8 
01:13:41: FBO PF_B8G8R8A8 depth/stencil support: D0S0 D0S8 D16S0 D24S0 D32S0 Packed-D24S8 
01:13:41: FBO PF_A2R10G10B10 depth/stencil support: D0S0 D0S8 D16S0 D24S0 D32S0 Packed-D24S8 
01:13:41: FBO PF_A2B10G10R10 depth/stencil support: D0S0 D0S8 D16S0 D24S0 D32S0 Packed-D24S8 
01:13:41: FBO PF_FLOAT16_RGB depth/stencil support: D0S0 D0S8 D16S0 D24S0 D32S0 Packed-D24S8 
01:13:41: FBO PF_FLOAT16_RGBA depth/stencil support: D0S0 D0S8 D16S0 D24S0 D32S0 Packed-D24S8 
01:13:41: FBO PF_FLOAT32_RGB depth/stencil support: D0S0 D0S8 D16S0 D24S0 D32S0 Packed-D24S8 
01:13:41: FBO PF_FLOAT32_RGBA depth/stencil support: D0S0 D0S8 D16S0 D24S0 D32S0 Packed-D24S8 
01:13:41: FBO PF_X8R8G8B8 depth/stencil support: D0S0 D0S8 D16S0 D24S0 D32S0 Packed-D24S8 
01:13:41: FBO PF_X8B8G8R8 depth/stencil support: D0S0 D0S8 D16S0 D24S0 D32S0 Packed-D24S8 
01:13:41: FBO PF_SHORT_RGBA depth/stencil support: D0S0 D0S8 D16S0 D24S0 D32S0 Packed-D24S8 
01:13:41: FBO PF_R3G3B2 depth/stencil support: D0S0 D0S8 D16S0 D24S0 D32S0 Packed-D24S8 
01:13:41: FBO PF_FLOAT16_R depth/stencil support: D0S0 D0S8 D16S0 D24S0 D32S0 Packed-D24S8 
01:13:41: FBO PF_FLOAT32_R depth/stencil support: D0S0 D0S8 D16S0 D24S0 D32S0 Packed-D24S8 
01:13:41: FBO PF_FLOAT16_GR depth/stencil support: D0S0 D0S8 D16S0 D24S0 D32S0 Packed-D24S8 
01:13:41: FBO PF_FLOAT32_GR depth/stencil support: D0S0 D0S8 D16S0 D24S0 D32S0 Packed-D24S8 
01:13:41: FBO PF_SHORT_RGB depth/stencil support: D0S0 D0S8 D16S0 D24S0 D32S0 Packed-D24S8 
01:13:41: [GL] : Valid FBO targets PF_UNKNOWN PF_L8 PF_A8 PF_A4L4 PF_BYTE_LA PF_R5G6B5 PF_B5G6R5 PF_A4R4G4B4 PF_A1R5G5B5 PF_R8G8B8 PF_B8G8R8 PF_A8R8G8B8 PF_B8G8R8A8 PF_A2R10G10B10 PF_A2B10G10R10 PF_FLOAT16_RGB PF_FLOAT16_RGBA PF_FLOAT32_RGB PF_FLOAT32_RGBA PF_X8R8G8B8 PF_X8B8G8R8 PF_SHORT_RGBA PF_R3G3B2 PF_FLOAT16_R PF_FLOAT32_R PF_FLOAT16_GR PF_FLOAT32_GR PF_SHORT_RGB 
01:13:41: RenderSystem capabilities
01:13:41: -------------------------
01:13:41: RenderSystem Name: OpenGL Rendering Subsystem
01:13:41: GPU Vendor: nvidia
01:13:41: Device Name: NVIDIA GeForce RTX 2070 SUPER/PCIe/SSE2
01:13:41: Driver Version: 4.6.0.0
01:13:41:  * Fixed function pipeline: yes
01:13:41:  * Hardware generation of mipmaps: yes
01:13:41:  * Texture blending: yes
01:13:41:  * Anisotropic texture filtering: yes
01:13:41:  * Dot product texture operation: yes
01:13:41:  * Cube mapping: yes
01:13:41:  * Hardware stencil buffer: yes
01:13:41:    - Stencil depth: 8
01:13:41:    - Two sided stencil support: yes
01:13:41:    - Wrap stencil values: yes
01:13:41:  * Hardware vertex / index buffers: yes
01:13:41:  * 32-bit index buffers: yes
01:13:41:  * Vertex programs: yes
01:13:41:  * Number of floating-point constants for vertex programs: 1024
01:13:41:  * Number of integer constants for vertex programs: 0
01:13:41:  * Number of boolean constants for vertex programs: 0
01:13:41:  * Fragment programs: yes
01:13:41:  * Number of floating-point constants for fragment programs: 1024
01:13:41:  * Number of integer constants for fragment programs: 0
01:13:41:  * Number of boolean constants for fragment programs: 0
01:13:41:  * Geometry programs: yes
01:13:41:  * Number of floating-point constants for geometry programs: 2048
01:13:41:  * Number of integer constants for geometry programs: 0
01:13:41:  * Number of boolean constants for geometry programs: 0
01:13:41:  * Tesselation Hull programs: no
01:13:41:  * Number of floating-point constants for tesselation hull programs: 13873
01:13:41:  * Number of integer constants for tesselation hull programs: 48
01:13:41:  * Number of boolean constants for tesselation hull programs: 0
01:13:41:  * Tesselation Domain programs: no
01:13:41:  * Number of floating-point constants for tesselation domain programs: 0
01:13:41:  * Number of integer constants for tesselation domain programs: 21336
01:13:41:  * Number of boolean constants for tesselation domain programs: 49645
01:13:41:  * Compute programs: no
01:13:41:  * Number of floating-point constants for compute programs: 32738
01:13:41:  * Number of integer constants for compute programs: 0
01:13:41:  * Number of boolean constants for compute programs: 11
01:13:41:  * Supported Shader Profiles: arbfp1 arbvp1 fp20 fp30 fp40 glsl glsl100 glsl110 glsl120 gp4fp gp4gp gp4vp gpu_fp gpu_gp gpu_vp nvgp4 vp30 vp40
01:13:41:  * Texture Compression: yes
01:13:41:    - DXT: yes
01:13:41:    - VTC: yes
01:13:41:    - PVRTC: no
01:13:41:    - ATC: no
01:13:41:    - ETC1: no
01:13:41:    - ETC2: no
01:13:41:    - BC4/BC5: no
01:13:41:    - BC6H/BC7: no
01:13:41:  * Scissor Rectangle: yes
01:13:41:  * Hardware Occlusion Query: yes
01:13:41:  * User clip planes: yes
01:13:41:  * VET_UBYTE4 vertex element type: yes
01:13:41:  * Infinite far plane projection: yes
01:13:41:  * Hardware render-to-texture: yes
01:13:41:  * Floating point textures: yes
01:13:41:  * Non-power-of-two textures: yes
01:13:41:  * 1d textures: yes
01:13:41:  * Volume textures: yes
01:13:41:  * Multiple Render Targets: 8
01:13:41:    - With different bit depths: yes
01:13:41:  * Point Sprites: yes
01:13:41:  * Extended point parameters: yes
01:13:41:  * Max Point Size: 2047
01:13:41:  * Vertex texture fetch: yes
01:13:41:  * Number of world matrices: 0
01:13:41:  * Number of texture units: 16
01:13:41:  * Stencil buffer depth: 8
01:13:41:  * Number of vertex blend matrices: 0
01:13:41:    - Max vertex textures: 32
01:13:41:    - Vertex textures shared: yes
01:13:41:  * Render to Vertex Buffer : yes
01:13:41:  * Hardware Atomic Counters: no
01:13:41:  * GL 1.5 without VBO workaround: no
01:13:41:  * Frame Buffer objects: yes
01:13:41:  * Frame Buffer objects (ARB extension): no
01:13:41:  * Frame Buffer objects (ATI extension): no
01:13:41:  * PBuffer support: yes
01:13:41:  * GL 1.5 without HW-occlusion workaround: no
01:13:41:  * Vertex Array Objects: no
01:13:41:  * Separate shader objects: no
01:13:41: DefaultWorkQueue('Root') initialising on thread 7fe2c1fcac40.
01:13:41: DefaultWorkQueue('Root')::WorkerFunc - thread 7fe2b4f01700 starting.
01:13:41: DefaultWorkQueue('Root')::WorkerFunc - thread 7fe2b26fc700 starting.
01:13:41: Particle Renderer Type 'billboard' registered
01:13:41: DefaultWorkQueue('Root')::WorkerFunc - thread 7fe2b3eff700 starting.
01:13:41: DefaultWorkQueue('Root')::WorkerFunc - thread 7fe2b2efd700 starting.
01:13:41: DefaultWorkQueue('Root')::WorkerFunc - thread 7fe2abfff700 starting.
01:13:41: DefaultWorkQueue('Root')::WorkerFunc - thread 7fe2b1efb700 starting.
01:13:41: DefaultWorkQueue('Root')::WorkerFunc - thread 7fe2b4700700 starting.
01:13:41: DefaultWorkQueue('Root')::WorkerFunc - thread 7fe2b36fe700 starting.
01:13:41: SceneManagerFactory for type 'BspSceneManager' registered.
01:13:41: Registering ResourceManager for type BspLevel
01:13:41: SceneManagerFactory for type 'PCZSceneManager' registered.
01:13:41: MovableObjectFactory for type 'PCZLight' registered.
01:13:41: MovableObjectFactory for type 'Portal' registered.
01:13:41: MovableObjectFactory for type 'AntiPortal' registered.
01:13:41: PCZone Factory Type 'ZoneType_Octree' registered
01:13:41: SceneManagerFactory for type 'OctreeSceneManager' registered.
01:13:41: OverlayElementFactory for type Panel registered.
01:13:41: OverlayElementFactory for type BorderPanel registered.
01:13:41: OverlayElementFactory for type TextArea registered.
01:13:41: Registering ResourceManager for type Font
01:13:41: Parsing scripts for resource group Autodetect
01:13:41: Finished parsing scripts for resource group Autodetect
01:13:41: Creating resources for group Autodetect
01:13:41: All done
01:13:41: Parsing scripts for resource group Essential
01:13:41: Parsing script SdkTrays.material
01:13:41: Parsing script SdkTrays.fontdef
01:13:41: Parsing script SdkTrays.overlay
01:13:41: Texture: sdk_cursor.png: Loading 1 faces(PF_A8R8G8B8,32x32x1) with 5 hardware generated mipmaps from Image. Internal format is PF_A8R8G8B8,32x32x1.
01:13:41: Texture: sdk_tray.png: Loading 1 faces(PF_A8R8G8B8,64x64x1) with 5 hardware generated mipmaps from Image. Internal format is PF_A8R8G8B8,64x64x1.
01:13:41: Texture: sdk_button_up.png: Loading 1 faces(PF_A8R8G8B8,128x32x1) with 5 hardware generated mipmaps from Image. Internal format is PF_A8R8G8B8,128x32x1.
01:13:41: Texture: sdk_text_box.png: Loading 1 faces(PF_A8R8G8B8,32x32x1) with 5 hardware generated mipmaps from Image. Internal format is PF_A8R8G8B8,32x32x1.
01:13:41: Texture: sdk_mini_tray.png: Loading 1 faces(PF_A8R8G8B8,32x32x1) with 5 hardware generated mipmaps from Image. Internal format is PF_A8R8G8B8,32x32x1.
01:13:41: Texture: sdk_track.png: Loading 1 faces(PF_A8R8G8B8,16x32x1) with 5 hardware generated mipmaps from Image. Internal format is PF_A8R8G8B8,16x32x1.
01:13:41: Texture: sdk_handle.png: Loading 1 faces(PF_A8R8G8B8,16x16x1) with 4 hardware generated mipmaps from Image. Internal format is PF_A8R8G8B8,16x16x1.
01:13:41: Texture: sdk_mini_text_box.png: Loading 1 faces(PF_A8R8G8B8,32x32x1) with 5 hardware generated mipmaps from Image. Internal format is PF_A8R8G8B8,32x32x1.
01:13:41: Texture: sdk_label.png: Loading 1 faces(PF_A8R8G8B8,32x32x1) with 5 hardware generated mipmaps from Image. Internal format is PF_A8R8G8B8,32x32x1.
01:13:41: Texture: sdk_separator.png: Loading 1 faces(PF_A8R8G8B8,64x16x1) with 5 hardware generated mipmaps from Image. Internal format is PF_A8R8G8B8,64x16x1.
01:13:41: Texture: sdk_logo.png: Loading 1 faces(PF_A8R8G8B8,128x64x1) with 5 hardware generated mipmaps from Image. Internal format is PF_A8R8G8B8,128x64x1.
01:13:41: Texture: sdk_shade.png: Loading 1 faces(PF_A8R8G8B8,64x48x1) with 5 hardware generated mipmaps from Image. Internal format is PF_A8R8G8B8,64x48x1.
01:13:41: Texture: sdk_frame.png: Loading 1 faces(PF_A8R8G8B8,32x32x1) with 5 hardware generated mipmaps from Image. Internal format is PF_A8R8G8B8,32x32x1.
01:13:41: Texture: sdk_mini_text_box_over.png: Loading 1 faces(PF_A8R8G8B8,32x32x1) with 5 hardware generated mipmaps from Image. Internal format is PF_A8R8G8B8,32x32x1.
01:13:41: Texture: sdk_pulse.png: Loading 1 faces(PF_R8G8B8,8x1x1) with 3 hardware generated mipmaps from Image. Internal format is PF_X8R8G8B8,8x1x1.
01:13:41: Finished parsing scripts for resource group Essential
01:13:41: Creating resources for group Essential
01:13:41: All done
01:13:41: Parsing scripts for resource group General
01:13:41: Parsing script DualQuaternion.program
01:13:41: Parsing script Examples.program
01:13:41: Parsing script Instancing.program
01:13:41: Parsing script StdQuad_vp.program
01:13:41: Parsing script facial.material
01:13:41: Parsing script SharpenEdges.material
01:13:41: Parsing script HW_VTFInstancing.material
01:13:41: Parsing script DOF.material
01:13:41: Parsing script Bloom.material
01:13:41: Parsing script ASCII.material
01:13:41: Parsing script BlackAndWhite.material
01:13:41: Parsing script ShaderSystem.material
01:13:41: Parsing script Ocean.material
01:13:41: Parsing script pssm.material
01:13:41: Parsing script InstancingMisc.material
01:13:41: Parsing script Tiling.material
01:13:41: Parsing script CompositorDemo.material
01:13:41: Parsing script NightVision.material
01:13:41: Parsing script HWInstancing.material
01:13:41: Parsing script Examples-DynTex.material
01:13:41: Parsing script VTFInstancing.material
01:13:41: Parsing script DualQuaternion.material
01:13:41: Parsing script Embossed.material
01:13:41: Parsing script RadialBlur.material
01:13:41: Parsing script Posterize.material
01:13:41: Parsing script Hurt.material
01:13:41: Parsing script Dither.material
01:13:41: Parsing script Penguin.material
01:13:41: Parsing script OffsetMapping.material
01:13:41: Compiler error: object unsupported by render system in OffsetMapping.material(35): , Shader name: Examples/OffsetMappingPSAsm
01:13:41: Parsing script ParticleGS.material
01:13:41: Parsing script Invert.material
01:13:41: Parsing script RasterizationOrder.material
01:13:41: Parsing script Tesselation.material
01:13:41: Parsing script Glass.material
01:13:41: Parsing script MotionBlur.material
01:13:41: Parsing script smoke.material
01:13:41: Parsing script Examples-Water.material
01:13:41: Parsing script hdr.material
01:13:41: Parsing script Examples-Advanced.material
01:13:41: Compiler error: object unsupported by render system in Examples-Advanced.material(728): , Shader name: Examples/FresnelRefractReflectPS
01:13:41: Parsing script VarianceShadowmap.material
01:13:41: Parsing script DepthShadowmap.material
01:13:41: Parsing script GLSLSwizzle.material
01:13:41: Parsing script IsoSurf.material
01:13:41: Parsing script OldTV.material
01:13:41: Parsing script instancing.material
01:13:41: Parsing script Ogre.material
01:13:41: Parsing script MRTtest.material
01:13:41: Parsing script ShaderInstancing.material
01:13:41: Parsing script HW_VTF_LUTInstancing.material
01:13:41: Parsing script OldMovie.material
01:13:41: Parsing script sibenik.material
01:13:41: Parsing script AdaptivePNTrianglesTessellation.material
01:13:41: Parsing script Halftone.material
01:13:41: Parsing script Laplace.material
01:13:41: Parsing script Examples.material
01:13:41: Parsing script shadows.material
01:13:41: Parsing script RZR-002.material
01:13:41: Parsing script HeatVision.material
01:13:41: Parsing script Example-Water.material
01:13:41: Parsing script ASMSwizzle.material
01:13:41: Parsing script CGSwizzle.material
01:13:41: Parsing script Bloom2.material
01:13:41: Parsing script Examples.compositor
01:13:41: Finished parsing scripts for resource group General
01:13:41: Creating resources for group General
01:13:41: All done
01:13:41: Parsing scripts for resource group Internal
01:13:41: Finished parsing scripts for resource group Internal
01:13:41: Creating resources for group Internal
01:13:41: All done
01:13:41: *** Initializing OIS ***
01:13:41: Font SdkTrays/Caption using texture size 512x256
01:13:41: Info: Freetype returned null for character 160 in font SdkTrays/Caption
01:13:41: Texture: SdkTrays/CaptionTexture: Loading 1 faces(PF_BYTE_LA,512x256x1) Internal format is PF_BYTE_LA,512x256x1.
01:13:41: Font SdkTrays/Value using texture size 512x256
01:13:41: Info: Freetype returned null for character 127 in font SdkTrays/Value
01:13:41: Info: Freetype returned null for character 128 in font SdkTrays/Value
01:13:41: Info: Freetype returned null for character 129 in font SdkTrays/Value
01:13:41: Info: Freetype returned null for character 130 in font SdkTrays/Value
01:13:41: Info: Freetype returned null for character 131 in font SdkTrays/Value
01:13:41: Info: Freetype returned null for character 132 in font SdkTrays/Value
01:13:41: Info: Freetype returned null for character 133 in font SdkTrays/Value
01:13:41: Info: Freetype returned null for character 134 in font SdkTrays/Value
01:13:41: Info: Freetype returned null for character 135 in font SdkTrays/Value
01:13:41: Info: Freetype returned null for character 136 in font SdkTrays/Value
01:13:41: Info: Freetype returned null for character 137 in font SdkTrays/Value
01:13:41: Info: Freetype returned null for character 138 in font SdkTrays/Value
01:13:41: Info: Freetype returned null for character 139 in font SdkTrays/Value
01:13:41: Info: Freetype returned null for character 140 in font SdkTrays/Value
01:13:41: Info: Freetype returned null for character 141 in font SdkTrays/Value
01:13:41: Info: Freetype returned null for character 142 in font SdkTrays/Value
01:13:41: Info: Freetype returned null for character 143 in font SdkTrays/Value
01:13:41: Info: Freetype returned null for character 144 in font SdkTrays/Value
01:13:41: Info: Freetype returned null for character 145 in font SdkTrays/Value
01:13:41: Info: Freetype returned null for character 146 in font SdkTrays/Value
01:13:41: Info: Freetype returned null for character 147 in font SdkTrays/Value
01:13:41: Info: Freetype returned null for character 148 in font SdkTrays/Value
01:13:41: Info: Freetype returned null for character 149 in font SdkTrays/Value
01:13:41: Info: Freetype returned null for character 150 in font SdkTrays/Value
01:13:41: Info: Freetype returned null for character 151 in font SdkTrays/Value
01:13:41: Info: Freetype returned null for character 152 in font SdkTrays/Value
01:13:41: Info: Freetype returned null for character 153 in font SdkTrays/Value
01:13:41: Info: Freetype returned null for character 154 in font SdkTrays/Value
01:13:41: Info: Freetype returned null for character 155 in font SdkTrays/Value
01:13:41: Info: Freetype returned null for character 156 in font SdkTrays/Value
01:13:41: Info: Freetype returned null for character 157 in font SdkTrays/Value
01:13:41: Info: Freetype returned null for character 158 in font SdkTrays/Value
01:13:41: Info: Freetype returned null for character 159 in font SdkTrays/Value
01:13:41: Info: Freetype returned null for character 160 in font SdkTrays/Value
01:13:41: Texture: SdkTrays/ValueTexture: Loading 1 faces(PF_BYTE_LA,512x256x1) Internal format is PF_BYTE_LA,512x256x1.
01:13:56: Unregistering ResourceManager for type Font
01:13:56: DefaultWorkQueue('Root') shutting down on thread 7fe2c1fcac40.
01:13:56: DefaultWorkQueue('Root')::WorkerFunc - thread 7fe2b4700700 stopped.
01:13:56: DefaultWorkQueue('Root')::WorkerFunc - thread 7fe2abfff700 stopped.
01:13:56: DefaultWorkQueue('Root')::WorkerFunc - thread 7fe2b1efb700 stopped.
01:13:56: DefaultWorkQueue('Root')::WorkerFunc - thread 7fe2b4f01700 stopped.
01:13:56: DefaultWorkQueue('Root')::WorkerFunc - thread 7fe2b26fc700 stopped.
01:13:56: DefaultWorkQueue('Root')::WorkerFunc - thread 7fe2b2efd700 stopped.
01:13:56: DefaultWorkQueue('Root')::WorkerFunc - thread 7fe2b36fe700 stopped.
01:13:56: DefaultWorkQueue('Root')::WorkerFunc - thread 7fe2b3eff700 stopped.
01:13:56: PCZone Factory Type 'ZoneType_Octree' unregistered
01:13:56: Unregistering ResourceManager for type BspLevel
01:13:56: *-*-* OGRE Shutdown
01:13:56: Unregistering ResourceManager for type Compositor
01:13:56: Unregistering ResourceManager for type Skeleton
01:13:56: Unregistering ResourceManager for type Mesh
01:13:56: Unregistering ResourceManager for type HighLevelGpuProgram
01:13:56: Uninstalling plugin: Octree Scene Manager
01:13:56: Plugin successfully uninstalled
01:13:56: Unloading library /usr/local/lib/OGRE/Plugin_OctreeSceneManager
01:13:56: Uninstalling plugin: Octree Zone Factory
01:13:56: Plugin successfully uninstalled
01:13:56: Unloading library /usr/local/lib/OGRE/Plugin_OctreeZone
01:13:56: Uninstalling plugin: Portal Connected Zone Scene Manager
01:13:56: Plugin successfully uninstalled
01:13:56: Unloading library /usr/local/lib/OGRE/Plugin_PCZSceneManager
01:13:56: Uninstalling plugin: BSP Scene Manager
01:13:56: Plugin successfully uninstalled
01:13:56: Unloading library /usr/local/lib/OGRE/Plugin_BSPSceneManager
01:13:56: Uninstalling plugin: ParticleFX
01:13:56: Plugin successfully uninstalled
01:13:56: Unloading library /usr/local/lib/OGRE/Plugin_ParticleFX
01:13:56: Uninstalling plugin: GL RenderSystem
01:13:56: Unregistering ResourceManager for type GpuProgram
01:13:56: ******************************
*** Stopping GLX Subsystem ***
******************************
01:13:56: Unregistering ResourceManager for type Texture
01:13:56: Plugin successfully uninstalled
01:13:56: Unloading library /usr/local/lib/OGRE/RenderSystem_GL
01:13:56: Unregistering ResourceManager for type Material
